<?xml version="1.0" encoding="UTF-8"?>
<testsuite name="Cambiar apodo en GeForce NOW" tests="1" skipped="0" failures="1" errors="0" timestamp="2025-05-22T23:16:20" hostname="DESKTOP-B3CLJBI" time="32.047">
  <properties/>
  <testcase name="Usuario inicia sesión y actualiza su apodo" classname="Cambiar apodo en GeForce NOW" time="32.047">
    <failure message="java.lang.AssertionError: Expected validacion apodo&#13;&#10;Expected: is &lt;true&gt;&#13;&#10;     but: was &lt;false&gt;" type="java.lang.AssertionError">java.lang.AssertionError: Expected validacion apodo
Expected: is &lt;true&gt;
     but: was &lt;false&gt;
	at net.serenitybdd.screenplay.ErrorTally.throwSummaryExceptionFrom(ErrorTally.java:36)
	at net.serenitybdd.screenplay.ErrorTally.reportAnyErrors(ErrorTally.java:30)
	at net.serenitybdd.screenplay.Actor.should(Actor.java:316)
	at co.com.AutoGfn.stepsdefinitions.GeforceNowStepDefinitions.deberiaVerApodoActualizado(GeforceNowStepDefinitions.java:39)
	at ✽.debería ver mi apodo actualizado(src/test/resources/features/actualizar_apodo_geforcenow.feature:11)
</failure>
  </testcase>
  <system-out><![CDATA[]]></system-out>
  <system-err><![CDATA[may. 22, 2025 6:16:20 P. M. org.openqa.selenium.remote.DesiredCapabilities chrome
INFO: Using `new ChromeOptions()` is preferred to `DesiredCapabilities.chrome()`
[Test worker] INFO net.serenitybdd.core.webdriver.driverproviders.ProvideNewDriver - Instantiating driver
[Test worker] INFO net.serenitybdd.core.webdriver.driverproviders.ProvideNewDriver - Driver capabilities: Capabilities {acceptInsecureCerts: false, browserName: chrome, chrome.switches: --remote-allow-origins=* --..., goog:chromeOptions: {args: [--remote-allow-origins=*, --disable-blink-features=Au...], binary: C:/Program Files/BraveSoftw..., extensions: [], prefs: {behavior: allow}}, loggingPrefs: org.openqa.selenium.logging..., name: proyecto, platform: ANY, unhandledPromptBehavior: ignore, version: }
Starting ChromeDriver 136.0.7103.94 (fa0be0b33debeb378a8e6ad9c599be34e2dc3b37-refs/branch-heads/7103@{#1842}) on port 19560
Only local connections are allowed.
Please see https://chromedriver.chromium.org/security-considerations for suggestions on keeping ChromeDriver safe.
ChromeDriver was started successfully on port 19560.
may. 22, 2025 6:16:21 P. M. org.openqa.selenium.remote.ProtocolHandshake createSession
INFO: Detected dialect: W3C
[Test worker] ERROR net.thucydides.core.steps.ConsoleLoggingListener - 
           __  _____ _____ ____ _____   _____ _    ___ _     _____ ____  
  _       / / |_   _| ____/ ___|_   _| |  ___/ \  |_ _| |   | ____|  _ \ 
 (_)_____| |    | | |  _| \___ \ | |   | |_ / _ \  | || |   |  _| | | | |
  _|_____| |    | | | |___ ___) || |   |  _/ ___ \ | || |___| |___| |_| |
 (_)     | |    |_| |_____|____/ |_|   |_|/_/   \_\___|_____|_____|____/ 
          \_\                                                            

TEST FAILED: Usuario inicia sesión y actualiza su apodo
--------------------------------------------------------------------------
[Test worker] ERROR net.thucydides.core.steps.ConsoleLoggingListener - TEST FAILED AT STEP Then validacion apodo
[Test worker] ERROR net.thucydides.core.steps.ConsoleLoggingListener - Expected validacion apodoExpected: is <true> but: was <false>
]]></system-err>
</testsuite>
