<?xml version="1.0" encoding="UTF-8"?>
<testsuite name="Cambiar apodo en GeForce NOW" tests="1" skipped="0" failures="0" errors="0" timestamp="2025-05-23T17:53:04" hostname="DESKTOP-B3CLJBI" time="45.425">
  <properties/>
  <testcase name="Usuario inicia sesión y actualiza su apodo" classname="Cambiar apodo en GeForce NOW" time="45.425"/>
  <system-out><![CDATA[]]></system-out>
  <system-err><![CDATA[may. 23, 2025 12:53:05 P. M. org.openqa.selenium.remote.DesiredCapabilities chrome
INFO: Using `new ChromeOptions()` is preferred to `DesiredCapabilities.chrome()`
[Test worker] INFO net.serenitybdd.core.webdriver.driverproviders.ProvideNewDriver - Instantiating driver
[Test worker] INFO net.serenitybdd.core.webdriver.driverproviders.ProvideNewDriver - Driver capabilities: Capabilities {acceptInsecureCerts: false, browserName: chrome, chrome.switches: --remote-allow-origins=* --..., goog:chromeOptions: {args: [--remote-allow-origins=*, --disable-blink-features=Au...], binary: C:/Program Files/BraveSoftw..., extensions: [], prefs: {behavior: allow}}, loggingPrefs: org.openqa.selenium.logging..., name: proyecto, platform: ANY, unhandledPromptBehavior: ignore, version: }
Starting ChromeDriver 136.0.7103.94 (fa0be0b33debeb378a8e6ad9c599be34e2dc3b37-refs/branch-heads/7103@{#1842}) on port 4018
Only local connections are allowed.
Please see https://chromedriver.chromium.org/security-considerations for suggestions on keeping ChromeDriver safe.
ChromeDriver was started successfully on port 4018.
may. 23, 2025 12:53:07 P. M. org.openqa.selenium.remote.ProtocolHandshake createSession
INFO: Detected dialect: W3C
[Test worker] INFO net.thucydides.core.steps.ConsoleLoggingListener - 
        __    _____ _____ ____ _____   ____   _    ____  ____  _____ ____  
  _     \ \  |_   _| ____/ ___|_   _| |  _ \ / \  / ___|/ ___|| ____|  _ \ 
 (_)_____| |   | | |  _| \___ \ | |   | |_) / _ \ \___ \\___ \|  _| | | | |
  _|_____| |   | | | |___ ___) || |   |  __/ ___ \ ___) |___) | |___| |_| |
 (_)     | |   |_| |_____|____/ |_|   |_| /_/   \_\____/|____/|_____|____/ 
        /_/                                                                

TEST PASSED: Usuario inicia sesión y actualiza su apodo
----------------------------------------------------------------------------
]]></system-err>
</testsuite>
